2026-06-12T01:22:39.303+07:00  INFO 16844 --- [Project] [Test worker] com.demo.ProjectApplicationTests         : Starting ProjectApplicationTests using Java 17.0.12 with PID 16844 (started by Admin in C:\java_service\Project)
2026-06-12T01:22:39.313+07:00  INFO 16844 --- [Project] [Test worker] com.demo.ProjectApplicationTests         : No active profile set, falling back to 1 default profile: "default"
2026-06-12T01:22:40.292+07:00  INFO 16844 --- [Project] [Test worker] .s.d.r.c.RepositoryConfigurationDelegate : Bootstrapping Spring Data JPA repositories in DEFAULT mode.
2026-06-12T01:22:40.401+07:00  INFO 16844 --- [Project] [Test worker] .s.d.r.c.RepositoryConfigurationDelegate : Finished Spring Data repository scanning in 94 ms. Found 5 JPA repository interfaces.
2026-06-12T01:22:41.414+07:00  INFO 16844 --- [Project] [Test worker] org.hibernate.orm.jpa                    : HHH008540: Processing PersistenceUnitInfo [name: default]
2026-06-12T01:22:41.531+07:00  INFO 16844 --- [Project] [Test worker] org.hibernate.orm.core                   : HHH000001: Hibernate ORM core version 7.2.12.Final
2026-06-12T01:22:42.318+07:00  INFO 16844 --- [Project] [Test worker] o.s.o.j.p.SpringPersistenceUnitInfo      : No LoadTimeWeaver setup: ignoring JPA class transformer
2026-06-12T01:22:42.377+07:00  INFO 16844 --- [Project] [Test worker] com.zaxxer.hikari.HikariDataSource       : HikariPool-1 - Starting...
2026-06-12T01:22:42.836+07:00  INFO 16844 --- [Project] [Test worker] com.zaxxer.hikari.pool.HikariPool        : HikariPool-1 - Added connection com.mysql.cj.jdbc.ConnectionImpl@c414eb3
2026-06-12T01:22:42.840+07:00  INFO 16844 --- [Project] [Test worker] com.zaxxer.hikari.HikariDataSource       : HikariPool-1 - Start completed.
2026-06-12T01:22:42.930+07:00  WARN 16844 --- [Project] [Test worker] org.hibernate.orm.deprecation            : HHH90000025: MySQLDialect does not need to be specified explicitly using 'hibernate.dialect' (remove the property setting and it will be selected by default)
2026-06-12T01:22:42.957+07:00  INFO 16844 --- [Project] [Test worker] org.hibernate.orm.connections.pooling    : HHH10001005: Database info:
	Database JDBC URL [jdbc:mysql://localhost:3306/project?createDatabaseIfNotExist=true]
	Database driver: MySQL Connector/J
	Database dialect: MySQLDialect
	Database version: 8.0.44
	Default catalog/schema: project/undefined
	Autocommit mode: undefined/unknown
	Isolation level: REPEATABLE_READ [default REPEATABLE_READ]
	JDBC fetch size: none
	Pool: DataSourceConnectionProvider
	Minimum pool size: undefined/unknown
	Maximum pool size: undefined/unknown
2026-06-12T01:22:44.456+07:00  INFO 16844 --- [Project] [Test worker] org.hibernate.orm.core                   : HHH000489: No JTA platform available (set 'hibernate.transaction.jta.platform' to enable JTA platform integration)
2026-06-12T01:22:44.733+07:00  INFO 16844 --- [Project] [Test worker] j.LocalContainerEntityManagerFactoryBean : Initialized JPA EntityManagerFactory for persistence unit 'default'
2026-06-12T01:22:44.983+07:00  INFO 16844 --- [Project] [Test worker] o.s.d.j.r.query.QueryEnhancerFactories   : Hibernate is in classpath; If applicable, HQL parser will be used.
2026-06-12T01:22:46.557+07:00  INFO 16844 --- [Project] [Test worker] eAuthenticationProviderManagerConfigurer : Global AuthenticationManager configured with AuthenticationProvider bean with name authenticationProvider
2026-06-12T01:22:46.557+07:00  WARN 16844 --- [Project] [Test worker] r$InitializeUserDetailsManagerConfigurer : Global AuthenticationManager configured with an AuthenticationProvider bean. UserDetailsService beans will not be used by Spring Security for automatically configuring username/password login. Consider removing the AuthenticationProvider bean. Alternatively, consider using the UserDetailsService in a manually instantiated DaoAuthenticationProvider. If the current configuration is intentional, to turn off this warning, increase the logging level of 'org.springframework.security.config.annotation.authentication.configuration.InitializeUserDetailsBeanManagerConfigurer' to ERROR
2026-06-12T01:22:46.700+07:00  WARN 16844 --- [Project] [Test worker] JpaBaseConfiguration$JpaWebConfiguration : spring.jpa.open-in-view is enabled by default. Therefore, database queries may be performed during view rendering. Explicitly configure spring.jpa.open-in-view to disable this warning
2026-06-12T01:22:48.015+07:00  INFO 16844 --- [Project] [Test worker] com.demo.ProjectApplicationTests         : Started ProjectApplicationTests in 9.07 seconds (process running for 11.138)
2026-06-12T01:22:50.616+07:00  INFO 16844 --- [Project] [SpringApplicationShutdownHook] j.LocalContainerEntityManagerFactoryBean : Closing JPA EntityManagerFactory for persistence unit 'default'
2026-06-12T01:22:50.622+07:00  INFO 16844 --- [Project] [SpringApplicationShutdownHook] com.zaxxer.hikari.HikariDataSource       : HikariPool-1 - Shutdown initiated...
2026-06-12T01:22:50.641+07:00  INFO 16844 --- [Project] [SpringApplicationShutdownHook] com.zaxxer.hikari.HikariDataSource       : HikariPool-1 - Shutdown completed.
2026-06-12T01:59:04.445+07:00  INFO 20000 --- [Project] [Test worker] com.demo.ProjectApplicationTests         : Starting ProjectApplicationTests using Java 17.0.12 with PID 20000 (started by Admin in C:\java_service\Project)
2026-06-12T01:59:04.446+07:00  INFO 20000 --- [Project] [Test worker] com.demo.ProjectApplicationTests         : No active profile set, falling back to 1 default profile: "default"
2026-06-12T01:59:05.874+07:00  INFO 20000 --- [Project] [Test worker] .s.d.r.c.RepositoryConfigurationDelegate : Bootstrapping Spring Data JPA repositories in DEFAULT mode.
2026-06-12T01:59:06.184+07:00  INFO 20000 --- [Project] [Test worker] .s.d.r.c.RepositoryConfigurationDelegate : Finished Spring Data repository scanning in 202 ms. Found 5 JPA repository interfaces.
2026-06-12T01:59:09.817+07:00  INFO 20000 --- [Project] [Test worker] org.hibernate.orm.jpa                    : HHH008540: Processing PersistenceUnitInfo [name: default]
2026-06-12T01:59:10.102+07:00  INFO 20000 --- [Project] [Test worker] org.hibernate.orm.core                   : HHH000001: Hibernate ORM core version 7.2.12.Final
2026-06-12T01:59:12.164+07:00  INFO 20000 --- [Project] [Test worker] o.s.o.j.p.SpringPersistenceUnitInfo      : No LoadTimeWeaver setup: ignoring JPA class transformer
2026-06-12T01:59:12.251+07:00  INFO 20000 --- [Project] [Test worker] com.zaxxer.hikari.HikariDataSource       : HikariPool-1 - Starting...
2026-06-12T01:59:13.256+07:00  INFO 20000 --- [Project] [Test worker] com.zaxxer.hikari.pool.HikariPool        : HikariPool-1 - Added connection com.mysql.cj.jdbc.ConnectionImpl@270be080
2026-06-12T01:59:13.263+07:00  INFO 20000 --- [Project] [Test worker] com.zaxxer.hikari.HikariDataSource       : HikariPool-1 - Start completed.
2026-06-12T01:59:13.456+07:00  WARN 20000 --- [Project] [Test worker] org.hibernate.orm.deprecation            : HHH90000025: MySQLDialect does not need to be specified explicitly using 'hibernate.dialect' (remove the property setting and it will be selected by default)
2026-06-12T01:59:13.511+07:00  INFO 20000 --- [Project] [Test worker] org.hibernate.orm.connections.pooling    : HHH10001005: Database info:
	Database JDBC URL [jdbc:mysql://localhost:3306/project?createDatabaseIfNotExist=true]
	Database driver: MySQL Connector/J
	Database dialect: MySQLDialect
	Database version: 8.0.44
	Default catalog/schema: project/undefined
	Autocommit mode: undefined/unknown
	Isolation level: REPEATABLE_READ [default REPEATABLE_READ]
	JDBC fetch size: none
	Pool: DataSourceConnectionProvider
	Minimum pool size: undefined/unknown
	Maximum pool size: undefined/unknown
2026-06-12T01:59:16.886+07:00  INFO 20000 --- [Project] [Test worker] org.hibernate.orm.core                   : HHH000489: No JTA platform available (set 'hibernate.transaction.jta.platform' to enable JTA platform integration)
2026-06-12T01:59:17.299+07:00  INFO 20000 --- [Project] [Test worker] j.LocalContainerEntityManagerFactoryBean : Initialized JPA EntityManagerFactory for persistence unit 'default'
2026-06-12T01:59:18.119+07:00  INFO 20000 --- [Project] [Test worker] o.s.d.j.r.query.QueryEnhancerFactories   : Hibernate is in classpath; If applicable, HQL parser will be used.
2026-06-12T01:59:22.713+07:00  INFO 20000 --- [Project] [Test worker] eAuthenticationProviderManagerConfigurer : Global AuthenticationManager configured with AuthenticationProvider bean with name authenticationProvider
2026-06-12T01:59:22.716+07:00  WARN 20000 --- [Project] [Test worker] r$InitializeUserDetailsManagerConfigurer : Global AuthenticationManager configured with an AuthenticationProvider bean. UserDetailsService beans will not be used by Spring Security for automatically configuring username/password login. Consider removing the AuthenticationProvider bean. Alternatively, consider using the UserDetailsService in a manually instantiated DaoAuthenticationProvider. If the current configuration is intentional, to turn off this warning, increase the logging level of 'org.springframework.security.config.annotation.authentication.configuration.InitializeUserDetailsBeanManagerConfigurer' to ERROR
2026-06-12T01:59:23.310+07:00  WARN 20000 --- [Project] [Test worker] JpaBaseConfiguration$JpaWebConfiguration : spring.jpa.open-in-view is enabled by default. Therefore, database queries may be performed during view rendering. Explicitly configure spring.jpa.open-in-view to disable this warning
2026-06-12T01:59:27.420+07:00  INFO 20000 --- [Project] [Test worker] com.demo.ProjectApplicationTests         : Started ProjectApplicationTests in 23.367 seconds (process running for 25.181)
2026-06-12T01:59:28.892+07:00  INFO 20000 --- [Project] [SpringApplicationShutdownHook] j.LocalContainerEntityManagerFactoryBean : Closing JPA EntityManagerFactory for persistence unit 'default'
2026-06-12T01:59:28.900+07:00  INFO 20000 --- [Project] [SpringApplicationShutdownHook] com.zaxxer.hikari.HikariDataSource       : HikariPool-1 - Shutdown initiated...
2026-06-12T01:59:28.927+07:00  INFO 20000 --- [Project] [SpringApplicationShutdownHook] com.zaxxer.hikari.HikariDataSource       : HikariPool-1 - Shutdown completed.
2026-06-12T12:26:09.993+07:00  INFO 26428 --- [Project] [restartedMain] com.demo.ProjectApplication              : Starting ProjectApplication using Java 17.0.12 with PID 26428 (C:\java_service\Project\build\classes\java\main started by Admin in C:\java_service\Project)
2026-06-12T12:26:09.996+07:00  INFO 26428 --- [Project] [restartedMain] com.demo.ProjectApplication              : No active profile set, falling back to 1 default profile: "default"
2026-06-12T12:26:10.055+07:00  INFO 26428 --- [Project] [restartedMain] .e.DevToolsPropertyDefaultsPostProcessor : Devtools property defaults active! Set 'spring.devtools.add-properties' to 'false' to disable
2026-06-12T12:26:10.055+07:00  INFO 26428 --- [Project] [restartedMain] .e.DevToolsPropertyDefaultsPostProcessor : For additional web related logging consider setting the 'logging.level.web' property to 'DEBUG'
2026-06-12T12:26:11.593+07:00  INFO 26428 --- [Project] [restartedMain] .s.d.r.c.RepositoryConfigurationDelegate : Bootstrapping Spring Data JPA repositories in DEFAULT mode.
2026-06-12T12:26:11.766+07:00  INFO 26428 --- [Project] [restartedMain] .s.d.r.c.RepositoryConfigurationDelegate : Finished Spring Data repository scanning in 140 ms. Found 5 JPA repository interfaces.
2026-06-12T12:26:13.288+07:00  INFO 26428 --- [Project] [restartedMain] o.s.boot.tomcat.TomcatWebServer          : Tomcat initialized with port 8080 (http)
2026-06-12T12:26:13.309+07:00  INFO 26428 --- [Project] [restartedMain] o.apache.catalina.core.StandardService   : Starting service [Tomcat]
2026-06-12T12:26:13.309+07:00  INFO 26428 --- [Project] [restartedMain] o.apache.catalina.core.StandardEngine    : Starting Servlet engine: [Apache Tomcat/11.0.21]
2026-06-12T12:26:13.382+07:00  INFO 26428 --- [Project] [restartedMain] b.w.c.s.WebApplicationContextInitializer : Root WebApplicationContext: initialization completed in 3324 ms
2026-06-12T12:26:13.628+07:00  INFO 26428 --- [Project] [restartedMain] org.hibernate.orm.jpa                    : HHH008540: Processing PersistenceUnitInfo [name: default]
2026-06-12T12:26:13.741+07:00  INFO 26428 --- [Project] [restartedMain] org.hibernate.orm.core                   : HHH000001: Hibernate ORM core version 7.2.12.Final
2026-06-12T12:26:14.623+07:00  INFO 26428 --- [Project] [restartedMain] o.s.o.j.p.SpringPersistenceUnitInfo      : No LoadTimeWeaver setup: ignoring JPA class transformer
2026-06-12T12:26:14.711+07:00  INFO 26428 --- [Project] [restartedMain] com.zaxxer.hikari.HikariDataSource       : HikariPool-1 - Starting...
2026-06-12T12:26:15.308+07:00  INFO 26428 --- [Project] [restartedMain] com.zaxxer.hikari.pool.HikariPool        : HikariPool-1 - Added connection com.mysql.cj.jdbc.ConnectionImpl@5a6e85cd
2026-06-12T12:26:15.308+07:00  INFO 26428 --- [Project] [restartedMain] com.zaxxer.hikari.HikariDataSource       : HikariPool-1 - Start completed.
2026-06-12T12:26:15.484+07:00  WARN 26428 --- [Project] [restartedMain] org.hibernate.orm.deprecation            : HHH90000025: MySQLDialect does not need to be specified explicitly using 'hibernate.dialect' (remove the property setting and it will be selected by default)
2026-06-12T12:26:15.526+07:00  INFO 26428 --- [Project] [restartedMain] org.hibernate.orm.connections.pooling    : HHH10001005: Database info:
	Database JDBC URL [jdbc:mysql://localhost:3306/project?createDatabaseIfNotExist=true]
	Database driver: MySQL Connector/J
	Database dialect: MySQLDialect
	Database version: 8.0.44
	Default catalog/schema: project/undefined
	Autocommit mode: undefined/unknown
	Isolation level: REPEATABLE_READ [default REPEATABLE_READ]
	JDBC fetch size: none
	Pool: DataSourceConnectionProvider
	Minimum pool size: undefined/unknown
	Maximum pool size: undefined/unknown
2026-06-12T12:26:17.492+07:00  INFO 26428 --- [Project] [restartedMain] org.hibernate.orm.core                   : HHH000489: No JTA platform available (set 'hibernate.transaction.jta.platform' to enable JTA platform integration)
2026-06-12T12:26:17.930+07:00  INFO 26428 --- [Project] [restartedMain] j.LocalContainerEntityManagerFactoryBean : Initialized JPA EntityManagerFactory for persistence unit 'default'
2026-06-12T12:26:18.219+07:00  INFO 26428 --- [Project] [restartedMain] o.s.d.j.r.query.QueryEnhancerFactories   : Hibernate is in classpath; If applicable, HQL parser will be used.
2026-06-12T12:26:20.256+07:00  INFO 26428 --- [Project] [restartedMain] eAuthenticationProviderManagerConfigurer : Global AuthenticationManager configured with AuthenticationProvider bean with name authenticationProvider
2026-06-12T12:26:20.256+07:00  WARN 26428 --- [Project] [restartedMain] r$InitializeUserDetailsManagerConfigurer : Global AuthenticationManager configured with an AuthenticationProvider bean. UserDetailsService beans will not be used by Spring Security for automatically configuring username/password login. Consider removing the AuthenticationProvider bean. Alternatively, consider using the UserDetailsService in a manually instantiated DaoAuthenticationProvider. If the current configuration is intentional, to turn off this warning, increase the logging level of 'org.springframework.security.config.annotation.authentication.configuration.InitializeUserDetailsBeanManagerConfigurer' to ERROR
2026-06-12T12:26:20.448+07:00  WARN 26428 --- [Project] [restartedMain] JpaBaseConfiguration$JpaWebConfiguration : spring.jpa.open-in-view is enabled by default. Therefore, database queries may be performed during view rendering. Explicitly configure spring.jpa.open-in-view to disable this warning
2026-06-12T12:26:22.006+07:00  INFO 26428 --- [Project] [restartedMain] o.s.boot.tomcat.TomcatWebServer          : Tomcat started on port 8080 (http) with context path '/'
2026-06-12T12:26:22.023+07:00  INFO 26428 --- [Project] [restartedMain] com.demo.ProjectApplication              : Started ProjectApplication in 12.654 seconds (process running for 13.912)
2026-06-12T12:34:35.620+07:00  INFO 26428 --- [Project] [http-nio-8080-exec-2] o.a.c.c.C.[Tomcat].[localhost].[/]       : Initializing Spring DispatcherServlet 'dispatcherServlet'
2026-06-12T12:34:35.623+07:00  INFO 26428 --- [Project] [http-nio-8080-exec-2] o.s.web.servlet.DispatcherServlet        : Initializing Servlet 'dispatcherServlet'
2026-06-12T12:34:35.627+07:00  INFO 26428 --- [Project] [http-nio-8080-exec-2] o.s.web.servlet.DispatcherServlet        : Completed initialization in 3 ms
2026-06-12T12:34:36.962+07:00  INFO 26428 --- [Project] [http-nio-8080-exec-2] com.demo.aop.ExecutionTimeAspect         : [AOP] AuthServiceImpl.login(..) chạy trong 657 ms
2026-06-12T12:34:37.172+07:00  WARN 26428 --- [Project] [http-nio-8080-exec-2] .m.m.a.ExceptionHandlerExceptionResolver : Resolved [org.springframework.security.authentication.BadCredentialsException: Tên đăng nhập hoặc mật khẩu không đúng]
2026-06-12T12:34:42.715+07:00  INFO 26428 --- [Project] [http-nio-8080-exec-3] com.demo.aop.ExecutionTimeAspect         : [AOP] AuthServiceImpl.login(..) chạy trong 1075 ms
2026-06-12T12:36:01.504+07:00  INFO 26428 --- [Project] [http-nio-8080-exec-4] com.demo.aop.ExecutionTimeAspect         : [AOP] CandidateServiceImpl.searchJobs(..) chạy trong 95 ms
2026-06-12T12:36:01.516+07:00  WARN 26428 --- [Project] [http-nio-8080-exec-4] ration$PageModule$WarningLoggingModifier : Serializing PageImpl instances as-is is not supported, meaning that there is no guarantee about the stability of the resulting JSON structure!
	For a stable JSON structure, please use Spring Data's PagedModel (globally via @EnableSpringDataWebSupport(pageSerializationMode = VIA_DTO))
	or Spring HATEOAS and Spring Data's PagedResourcesAssembler as documented in https://docs.spring.io/spring-data/commons/reference/repositories/core-extensions.html#core.web.pageables.

2026-06-12T12:37:03.181+07:00  INFO 26428 --- [Project] [http-nio-8080-exec-5] com.demo.aop.ExecutionTimeAspect         : [AOP] CandidateServiceImpl.applyJob(..) chạy trong 53 ms
2026-06-12T12:37:03.191+07:00  WARN 26428 --- [Project] [http-nio-8080-exec-5] .m.m.a.ExceptionHandlerExceptionResolver : Resolved [com.demo.exception.ConflictException: Tin tuyển dụng chưa được duyệt hoặc đã bị ẩn]
2026-06-12T12:37:56.698+07:00  INFO 26428 --- [Project] [http-nio-8080-exec-9] com.demo.aop.ExecutionTimeAspect         : [AOP] AuthServiceImpl.login(..) chạy trong 263 ms
2026-06-12T12:37:56.710+07:00  WARN 26428 --- [Project] [http-nio-8080-exec-9] .m.m.a.ExceptionHandlerExceptionResolver : Resolved [org.springframework.security.authentication.BadCredentialsException: Tên đăng nhập hoặc mật khẩu không đúng]
2026-06-12T12:38:11.334+07:00  INFO 26428 --- [Project] [http-nio-8080-exec-10] com.demo.aop.ExecutionTimeAspect         : [AOP] AuthServiceImpl.login(..) chạy trong 179 ms
2026-06-12T12:40:47.938+07:00  INFO 26428 --- [Project] [http-nio-8080-exec-6] com.demo.aop.ExecutionTimeAspect         : [AOP] EmployerJobServiceImpl.createJob(..) chạy trong 22 ms
2026-06-12T12:41:30.214+07:00  INFO 26428 --- [Project] [http-nio-8080-exec-8] com.demo.aop.ExecutionTimeAspect         : [AOP] AuthServiceImpl.login(..) chạy trong 318 ms
2026-06-12T12:41:55.754+07:00  INFO 26428 --- [Project] [http-nio-8080-exec-4] com.demo.aop.ExecutionTimeAspect         : [AOP] AuthServiceImpl.login(..) chạy trong 294 ms
2026-06-12T12:45:12.694+07:00  INFO 26428 --- [Project] [http-nio-8080-exec-1] com.demo.aop.ExecutionTimeAspect         : [AOP] AdminServiceImpl.updateJobStatus(..) chạy trong 14 ms
2026-06-12T12:45:25.540+07:00  INFO 26428 --- [Project] [http-nio-8080-exec-2] com.demo.aop.ExecutionTimeAspect         : [AOP] CandidateServiceImpl.applyJob(..) chạy trong 17 ms
2026-06-12T12:45:25.547+07:00  WARN 26428 --- [Project] [http-nio-8080-exec-2] .m.m.a.ExceptionHandlerExceptionResolver : Resolved [com.demo.exception.ConflictException: Tin tuyển dụng chưa được duyệt hoặc đã bị ẩn]
2026-06-12T12:45:31.916+07:00  INFO 26428 --- [Project] [http-nio-8080-exec-3] com.demo.aop.ExecutionTimeAspect         : [AOP] CandidateServiceImpl.applyJob(..) chạy trong 75 ms
2026-06-12T12:47:21.173+07:00  INFO 26428 --- [Project] [http-nio-8080-exec-4] com.demo.aop.ExecutionTimeAspect         : [AOP] CandidateServiceImpl.getMyApplications(..) chạy trong 28 ms
2026-06-12T12:49:44.756+07:00  WARN 26428 --- [Project] [http-nio-8080-exec-9] .w.s.m.s.DefaultHandlerExceptionResolver : Resolved [org.springframework.web.multipart.support.MissingServletRequestPartException: Required part 'file' is not present.]
2026-06-12T12:55:18.254+07:00  WARN 26428 --- [Project] [http-nio-8080-exec-1] .w.s.m.s.DefaultHandlerExceptionResolver : Resolved [org.springframework.web.multipart.support.MissingServletRequestPartException: Required part 'file' is not present.]
2026-06-12T12:55:20.138+07:00  WARN 26428 --- [Project] [http-nio-8080-exec-3] .w.s.m.s.DefaultHandlerExceptionResolver : Resolved [org.springframework.web.multipart.support.MissingServletRequestPartException: Required part 'file' is not present.]
2026-06-12T12:55:30.277+07:00  WARN 26428 --- [Project] [http-nio-8080-exec-8] .w.s.m.s.DefaultHandlerExceptionResolver : Resolved [org.springframework.web.multipart.support.MissingServletRequestPartException: Required part 'file' is not present.]
2026-06-12T12:55:52.097+07:00  INFO 26428 --- [Project] [http-nio-8080-exec-4] com.demo.aop.ExecutionTimeAspect         : [AOP] CandidateServiceImpl.uploadCv(..) chạy trong 17 ms
2026-06-12T12:55:52.102+07:00  WARN 26428 --- [Project] [http-nio-8080-exec-4] .m.m.a.ExceptionHandlerExceptionResolver : Resolved [com.demo.exception.BadRequestException: Không thể lưu file CV]
2026-06-12T12:59:30.427+07:00  INFO 26428 --- [Project] [File Watcher] rtingClassPathChangeChangedEventListener : Restarting due to 1 class path change (0 additions, 1 deletion, 0 modifications)
2026-06-12T12:59:30.449+07:00  INFO 26428 --- [Project] [Thread-1] o.s.boot.tomcat.GracefulShutdown         : Commencing graceful shutdown. Waiting for active requests to complete
2026-06-12T12:59:30.926+07:00  INFO 26428 --- [Project] [tomcat-shutdown] o.s.boot.tomcat.GracefulShutdown         : Graceful shutdown complete
2026-06-12T12:59:30.941+07:00  INFO 26428 --- [Project] [Thread-1] j.LocalContainerEntityManagerFactoryBean : Closing JPA EntityManagerFactory for persistence unit 'default'
2026-06-12T12:59:30.954+07:00  INFO 26428 --- [Project] [Thread-1] com.zaxxer.hikari.HikariDataSource       : HikariPool-1 - Shutdown initiated...
2026-06-12T12:59:30.971+07:00  INFO 26428 --- [Project] [Thread-1] com.zaxxer.hikari.HikariDataSource       : HikariPool-1 - Shutdown completed.
2026-06-12T12:59:31.194+07:00  INFO 26428 --- [Project] [restartedMain] com.demo.ProjectApplication              : Starting ProjectApplication using Java 17.0.12 with PID 26428 (C:\java_service\Project\build\classes\java\main started by Admin in C:\java_service\Project)
2026-06-12T12:59:31.195+07:00  INFO 26428 --- [Project] [restartedMain] com.demo.ProjectApplication              : No active profile set, falling back to 1 default profile: "default"
2026-06-12T12:59:31.966+07:00  INFO 26428 --- [Project] [restartedMain] .s.d.r.c.RepositoryConfigurationDelegate : Bootstrapping Spring Data JPA repositories in DEFAULT mode.
2026-06-12T12:59:32.070+07:00  INFO 26428 --- [Project] [restartedMain] .s.d.r.c.RepositoryConfigurationDelegate : Finished Spring Data repository scanning in 99 ms. Found 5 JPA repository interfaces.
2026-06-12T12:59:32.625+07:00  INFO 26428 --- [Project] [restartedMain] o.s.boot.tomcat.TomcatWebServer          : Tomcat initialized with port 8080 (http)
2026-06-12T12:59:32.628+07:00  INFO 26428 --- [Project] [restartedMain] o.apache.catalina.core.StandardService   : Starting service [Tomcat]
2026-06-12T12:59:32.629+07:00  INFO 26428 --- [Project] [restartedMain] o.apache.catalina.core.StandardEngine    : Starting Servlet engine: [Apache Tomcat/11.0.21]
2026-06-12T12:59:32.728+07:00  INFO 26428 --- [Project] [restartedMain] b.w.c.s.WebApplicationContextInitializer : Root WebApplicationContext: initialization completed in 1528 ms
2026-06-12T12:59:32.959+07:00  INFO 26428 --- [Project] [restartedMain] org.hibernate.orm.jpa                    : HHH008540: Processing PersistenceUnitInfo [name: default]
2026-06-12T12:59:33.148+07:00  INFO 26428 --- [Project] [restartedMain] o.s.o.j.p.SpringPersistenceUnitInfo      : No LoadTimeWeaver setup: ignoring JPA class transformer
2026-06-12T12:59:33.153+07:00  INFO 26428 --- [Project] [restartedMain] com.zaxxer.hikari.HikariDataSource       : HikariPool-2 - Starting...
2026-06-12T12:59:33.187+07:00  INFO 26428 --- [Project] [restartedMain] com.zaxxer.hikari.pool.HikariPool        : HikariPool-2 - Added connection com.mysql.cj.jdbc.ConnectionImpl@509a2400
2026-06-12T12:59:33.188+07:00  INFO 26428 --- [Project] [restartedMain] com.zaxxer.hikari.HikariDataSource       : HikariPool-2 - Start completed.
2026-06-12T12:59:33.190+07:00  WARN 26428 --- [Project] [restartedMain] org.hibernate.orm.deprecation            : HHH90000025: MySQLDialect does not need to be specified explicitly using 'hibernate.dialect' (remove the property setting and it will be selected by default)
2026-06-12T12:59:33.193+07:00  INFO 26428 --- [Project] [restartedMain] org.hibernate.orm.connections.pooling    : HHH10001005: Database info:
	Database JDBC URL [jdbc:mysql://localhost:3306/project?createDatabaseIfNotExist=true]
	Database driver: MySQL Connector/J
	Database dialect: MySQLDialect
	Database version: 8.0.44
	Default catalog/schema: project/undefined
	Autocommit mode: undefined/unknown
	Isolation level: REPEATABLE_READ [default REPEATABLE_READ]
	JDBC fetch size: none
	Pool: DataSourceConnectionProvider
	Minimum pool size: undefined/unknown
	Maximum pool size: undefined/unknown
2026-06-12T12:59:33.488+07:00  INFO 26428 --- [Project] [restartedMain] org.hibernate.orm.core                   : HHH000489: No JTA platform available (set 'hibernate.transaction.jta.platform' to enable JTA platform integration)
2026-06-12T12:59:33.637+07:00  INFO 26428 --- [Project] [restartedMain] j.LocalContainerEntityManagerFactoryBean : Initialized JPA EntityManagerFactory for persistence unit 'default'
2026-06-12T12:59:34.538+07:00  INFO 26428 --- [Project] [restartedMain] eAuthenticationProviderManagerConfigurer : Global AuthenticationManager configured with AuthenticationProvider bean with name authenticationProvider
2026-06-12T12:59:34.538+07:00  WARN 26428 --- [Project] [restartedMain] r$InitializeUserDetailsManagerConfigurer : Global AuthenticationManager configured with an AuthenticationProvider bean. UserDetailsService beans will not be used by Spring Security for automatically configuring username/password login. Consider removing the AuthenticationProvider bean. Alternatively, consider using the UserDetailsService in a manually instantiated DaoAuthenticationProvider. If the current configuration is intentional, to turn off this warning, increase the logging level of 'org.springframework.security.config.annotation.authentication.configuration.InitializeUserDetailsBeanManagerConfigurer' to ERROR
2026-06-12T12:59:34.564+07:00  WARN 26428 --- [Project] [restartedMain] ConfigServletWebServerApplicationContext : Exception encountered during context initialization - cancelling refresh attempt: org.springframework.beans.factory.UnsatisfiedDependencyException: Error creating bean with name 'candidateController' defined in file [C:\java_service\Project\build\classes\java\main\com\demo\controller\CandidateController.class]: Unsatisfied dependency expressed through constructor parameter 0: No qualifying bean of type 'com.demo.service.CandidateService' available: expected at least 1 bean which qualifies as autowire candidate. Dependency annotations: {}
2026-06-12T12:59:34.566+07:00  INFO 26428 --- [Project] [restartedMain] j.LocalContainerEntityManagerFactoryBean : Closing JPA EntityManagerFactory for persistence unit 'default'
2026-06-12T12:59:34.567+07:00  INFO 26428 --- [Project] [restartedMain] com.zaxxer.hikari.HikariDataSource       : HikariPool-2 - Shutdown initiated...
2026-06-12T12:59:34.577+07:00  INFO 26428 --- [Project] [restartedMain] com.zaxxer.hikari.HikariDataSource       : HikariPool-2 - Shutdown completed.
2026-06-12T12:59:34.578+07:00  INFO 26428 --- [Project] [restartedMain] o.apache.catalina.core.StandardService   : Stopping service [Tomcat]
2026-06-12T12:59:34.589+07:00  INFO 26428 --- [Project] [restartedMain] .s.b.a.l.ConditionEvaluationReportLogger : 

Error starting ApplicationContext. To display the condition evaluation report re-run your application with 'debug' enabled.
2026-06-12T12:59:34.654+07:00 ERROR 26428 --- [Project] [restartedMain] o.s.b.d.LoggingFailureAnalysisReporter   : 

***************************
APPLICATION FAILED TO START
***************************

Description:

Parameter 0 of constructor in com.demo.controller.CandidateController required a bean of type 'com.demo.service.CandidateService' that could not be found.


Action:

Consider defining a bean of type 'com.demo.service.CandidateService' in your configuration.

2026-06-12T12:59:36.234+07:00  INFO 26428 --- [Project] [restartedMain] com.demo.ProjectApplication              : Starting ProjectApplication using Java 17.0.12 with PID 26428 (C:\java_service\Project\build\classes\java\main started by Admin in C:\java_service\Project)
2026-06-12T12:59:36.235+07:00  INFO 26428 --- [Project] [restartedMain] com.demo.ProjectApplication              : No active profile set, falling back to 1 default profile: "default"
2026-06-12T12:59:36.862+07:00  INFO 26428 --- [Project] [restartedMain] .s.d.r.c.RepositoryConfigurationDelegate : Bootstrapping Spring Data JPA repositories in DEFAULT mode.
2026-06-12T12:59:36.942+07:00  INFO 26428 --- [Project] [restartedMain] .s.d.r.c.RepositoryConfigurationDelegate : Finished Spring Data repository scanning in 76 ms. Found 5 JPA repository interfaces.
2026-06-12T12:59:37.377+07:00  INFO 26428 --- [Project] [restartedMain] o.s.boot.tomcat.TomcatWebServer          : Tomcat initialized with port 8080 (http)
2026-06-12T12:59:37.381+07:00  INFO 26428 --- [Project] [restartedMain] o.apache.catalina.core.StandardService   : Starting service [Tomcat]
2026-06-12T12:59:37.382+07:00  INFO 26428 --- [Project] [restartedMain] o.apache.catalina.core.StandardEngine    : Starting Servlet engine: [Apache Tomcat/11.0.21]
2026-06-12T12:59:37.458+07:00  INFO 26428 --- [Project] [restartedMain] b.w.c.s.WebApplicationContextInitializer : Root WebApplicationContext: initialization completed in 1219 ms
2026-06-12T12:59:37.638+07:00  INFO 22172 --- [Project] [Test worker] com.demo.ProjectApplicationTests         : Starting ProjectApplicationTests using Java 17.0.12 with PID 22172 (started by Admin in C:\java_service\Project)
2026-06-12T12:59:37.643+07:00  INFO 22172 --- [Project] [Test worker] com.demo.ProjectApplicationTests         : No active profile set, falling back to 1 default profile: "default"
2026-06-12T12:59:37.647+07:00  INFO 26428 --- [Project] [restartedMain] org.hibernate.orm.jpa                    : HHH008540: Processing PersistenceUnitInfo [name: default]
2026-06-12T12:59:37.794+07:00  INFO 26428 --- [Project] [restartedMain] o.s.o.j.p.SpringPersistenceUnitInfo      : No LoadTimeWeaver setup: ignoring JPA class transformer
2026-06-12T12:59:37.798+07:00  INFO 26428 --- [Project] [restartedMain] com.zaxxer.hikari.HikariDataSource       : HikariPool-3 - Starting...
2026-06-12T12:59:37.822+07:00  INFO 26428 --- [Project] [restartedMain] com.zaxxer.hikari.pool.HikariPool        : HikariPool-3 - Added connection com.mysql.cj.jdbc.ConnectionImpl@6bec96b6
2026-06-12T12:59:37.823+07:00  INFO 26428 --- [Project] [restartedMain] com.zaxxer.hikari.HikariDataSource       : HikariPool-3 - Start completed.
2026-06-12T12:59:37.825+07:00  WARN 26428 --- [Project] [restartedMain] org.hibernate.orm.deprecation            : HHH90000025: MySQLDialect does not need to be specified explicitly using 'hibernate.dialect' (remove the property setting and it will be selected by default)
2026-06-12T12:59:37.827+07:00  INFO 26428 --- [Project] [restartedMain] org.hibernate.orm.connections.pooling    : HHH10001005: Database info:
	Database JDBC URL [jdbc:mysql://localhost:3306/project?createDatabaseIfNotExist=true]
	Database driver: MySQL Connector/J
	Database dialect: MySQLDialect
	Database version: 8.0.44
	Default catalog/schema: project/undefined
	Autocommit mode: undefined/unknown
	Isolation level: REPEATABLE_READ [default REPEATABLE_READ]
	JDBC fetch size: none
	Pool: DataSourceConnectionProvider
	Minimum pool size: undefined/unknown
	Maximum pool size: undefined/unknown
2026-06-12T12:59:38.097+07:00  INFO 26428 --- [Project] [restartedMain] org.hibernate.orm.core                   : HHH000489: No JTA platform available (set 'hibernate.transaction.jta.platform' to enable JTA platform integration)
2026-06-12T12:59:38.234+07:00  INFO 26428 --- [Project] [restartedMain] j.LocalContainerEntityManagerFactoryBean : Initialized JPA EntityManagerFactory for persistence unit 'default'
2026-06-12T12:59:39.003+07:00  INFO 22172 --- [Project] [Test worker] .s.d.r.c.RepositoryConfigurationDelegate : Bootstrapping Spring Data JPA repositories in DEFAULT mode.
2026-06-12T12:59:39.062+07:00  INFO 26428 --- [Project] [restartedMain] eAuthenticationProviderManagerConfigurer : Global AuthenticationManager configured with AuthenticationProvider bean with name authenticationProvider
2026-06-12T12:59:39.063+07:00  WARN 26428 --- [Project] [restartedMain] r$InitializeUserDetailsManagerConfigurer : Global AuthenticationManager configured with an AuthenticationProvider bean. UserDetailsService beans will not be used by Spring Security for automatically configuring username/password login. Consider removing the AuthenticationProvider bean. Alternatively, consider using the UserDetailsService in a manually instantiated DaoAuthenticationProvider. If the current configuration is intentional, to turn off this warning, increase the logging level of 'org.springframework.security.config.annotation.authentication.configuration.InitializeUserDetailsBeanManagerConfigurer' to ERROR
2026-06-12T12:59:39.126+07:00  INFO 22172 --- [Project] [Test worker] .s.d.r.c.RepositoryConfigurationDelegate : Finished Spring Data repository scanning in 101 ms. Found 5 JPA repository interfaces.
2026-06-12T12:59:39.263+07:00  WARN 26428 --- [Project] [restartedMain] JpaBaseConfiguration$JpaWebConfiguration : spring.jpa.open-in-view is enabled by default. Therefore, database queries may be performed during view rendering. Explicitly configure spring.jpa.open-in-view to disable this warning
2026-06-12T12:59:40.411+07:00  INFO 22172 --- [Project] [Test worker] org.hibernate.orm.jpa                    : HHH008540: Processing PersistenceUnitInfo [name: default]
2026-06-12T12:59:40.488+07:00  INFO 26428 --- [Project] [restartedMain] o.s.boot.tomcat.TomcatWebServer          : Tomcat started on port 8080 (http) with context path '/'
2026-06-12T12:59:40.493+07:00  INFO 26428 --- [Project] [restartedMain] com.demo.ProjectApplication              : Started ProjectApplication in 4.316 seconds (process running for 2012.38)
2026-06-12T12:59:40.563+07:00  INFO 26428 --- [Project] [restartedMain] .ConditionEvaluationDeltaLoggingListener : Condition evaluation unchanged
2026-06-12T12:59:40.571+07:00  INFO 22172 --- [Project] [Test worker] org.hibernate.orm.core                   : HHH000001: Hibernate ORM core version 7.2.12.Final
2026-06-12T12:59:41.580+07:00  INFO 22172 --- [Project] [Test worker] o.s.o.j.p.SpringPersistenceUnitInfo      : No LoadTimeWeaver setup: ignoring JPA class transformer
2026-06-12T12:59:41.652+07:00  INFO 22172 --- [Project] [Test worker] com.zaxxer.hikari.HikariDataSource       : HikariPool-1 - Starting...
2026-06-12T12:59:42.289+07:00  INFO 22172 --- [Project] [Test worker] com.zaxxer.hikari.pool.HikariPool        : HikariPool-1 - Added connection com.mysql.cj.jdbc.ConnectionImpl@2a9e7b4d
2026-06-12T12:59:42.292+07:00  INFO 22172 --- [Project] [Test worker] com.zaxxer.hikari.HikariDataSource       : HikariPool-1 - Start completed.
2026-06-12T12:59:42.377+07:00  WARN 22172 --- [Project] [Test worker] org.hibernate.orm.deprecation            : HHH90000025: MySQLDialect does not need to be specified explicitly using 'hibernate.dialect' (remove the property setting and it will be selected by default)
2026-06-12T12:59:42.420+07:00  INFO 22172 --- [Project] [Test worker] org.hibernate.orm.connections.pooling    : HHH10001005: Database info:
	Database JDBC URL [jdbc:mysql://localhost:3306/project?createDatabaseIfNotExist=true]
	Database driver: MySQL Connector/J
	Database dialect: MySQLDialect
	Database version: 8.0.44
	Default catalog/schema: project/undefined
	Autocommit mode: undefined/unknown
	Isolation level: REPEATABLE_READ [default REPEATABLE_READ]
	JDBC fetch size: none
	Pool: DataSourceConnectionProvider
	Minimum pool size: undefined/unknown
	Maximum pool size: undefined/unknown
2026-06-12T12:59:44.645+07:00  INFO 22172 --- [Project] [Test worker] org.hibernate.orm.core                   : HHH000489: No JTA platform available (set 'hibernate.transaction.jta.platform' to enable JTA platform integration)
2026-06-12T12:59:44.956+07:00  INFO 22172 --- [Project] [Test worker] j.LocalContainerEntityManagerFactoryBean : Initialized JPA EntityManagerFactory for persistence unit 'default'
2026-06-12T12:59:45.255+07:00  INFO 22172 --- [Project] [Test worker] o.s.d.j.r.query.QueryEnhancerFactories   : Hibernate is in classpath; If applicable, HQL parser will be used.
2026-06-12T12:59:47.806+07:00  INFO 22172 --- [Project] [Test worker] eAuthenticationProviderManagerConfigurer : Global AuthenticationManager configured with AuthenticationProvider bean with name authenticationProvider
2026-06-12T12:59:47.806+07:00  WARN 22172 --- [Project] [Test worker] r$InitializeUserDetailsManagerConfigurer : Global AuthenticationManager configured with an AuthenticationProvider bean. UserDetailsService beans will not be used by Spring Security for automatically configuring username/password login. Consider removing the AuthenticationProvider bean. Alternatively, consider using the UserDetailsService in a manually instantiated DaoAuthenticationProvider. If the current configuration is intentional, to turn off this warning, increase the logging level of 'org.springframework.security.config.annotation.authentication.configuration.InitializeUserDetailsBeanManagerConfigurer' to ERROR
2026-06-12T12:59:48.087+07:00  WARN 22172 --- [Project] [Test worker] JpaBaseConfiguration$JpaWebConfiguration : spring.jpa.open-in-view is enabled by default. Therefore, database queries may be performed during view rendering. Explicitly configure spring.jpa.open-in-view to disable this warning
2026-06-12T12:59:50.087+07:00  INFO 22172 --- [Project] [Test worker] com.demo.ProjectApplicationTests         : Started ProjectApplicationTests in 13.006 seconds (process running for 15.785)
2026-06-12T12:59:51.151+07:00  INFO 22172 --- [Project] [SpringApplicationShutdownHook] j.LocalContainerEntityManagerFactoryBean : Closing JPA EntityManagerFactory for persistence unit 'default'
2026-06-12T12:59:51.156+07:00  INFO 22172 --- [Project] [SpringApplicationShutdownHook] com.zaxxer.hikari.HikariDataSource       : HikariPool-1 - Shutdown initiated...
2026-06-12T12:59:51.168+07:00  INFO 22172 --- [Project] [SpringApplicationShutdownHook] com.zaxxer.hikari.HikariDataSource       : HikariPool-1 - Shutdown completed.
2026-06-12T13:00:50.101+07:00  INFO 26428 --- [Project] [http-nio-8080-exec-3] o.a.c.c.C.[Tomcat-1].[localhost].[/]     : Initializing Spring DispatcherServlet 'dispatcherServlet'
2026-06-12T13:00:50.102+07:00  INFO 26428 --- [Project] [http-nio-8080-exec-3] o.s.web.servlet.DispatcherServlet        : Initializing Servlet 'dispatcherServlet'
2026-06-12T13:00:50.105+07:00  INFO 26428 --- [Project] [http-nio-8080-exec-3] o.s.web.servlet.DispatcherServlet        : Completed initialization in 3 ms
2026-06-12T13:01:02.094+07:00  INFO 26428 --- [Project] [http-nio-8080-exec-4] com.demo.aop.ExecutionTimeAspect         : [AOP] AuthServiceImpl.login(..) chạy trong 516 ms
2026-06-12T13:01:21.051+07:00  INFO 26428 --- [Project] [http-nio-8080-exec-5] com.demo.aop.ExecutionTimeAspect         : [AOP] CandidateServiceImpl.uploadCv(..) chạy trong 27 ms
2026-06-12T13:19:49.738+07:00  INFO 26428 --- [Project] [http-nio-8080-exec-10] com.demo.aop.ExecutionTimeAspect         : [AOP] AuthServiceImpl.login(..) chạy trong 101 ms
2026-06-12T13:19:58.097+07:00  INFO 26428 --- [Project] [http-nio-8080-exec-9] com.demo.aop.ExecutionTimeAspect         : [AOP] CandidateServiceImpl.uploadCv(..) chạy trong 9 ms
2026-06-12T13:29:42.804+07:00  INFO 26428 --- [Project] [http-nio-8080-exec-4] com.demo.aop.ExecutionTimeAspect         : [AOP] AuthServiceImpl.login(..) chạy trong 128 ms
2026-06-12T13:30:00.485+07:00  INFO 26428 --- [Project] [http-nio-8080-exec-5] com.demo.aop.ExecutionTimeAspect         : [AOP] EmployerJobServiceImpl.updateApplicationStatus(..) chạy trong 12 ms
2026-06-12T13:30:00.490+07:00  WARN 26428 --- [Project] [http-nio-8080-exec-5] .m.m.a.ExceptionHandlerExceptionResolver : Resolved [com.demo.exception.NotFoundException: Không tìm thấy hồ sơ ứng tuyển]
2026-06-12T13:30:07.432+07:00  INFO 26428 --- [Project] [http-nio-8080-exec-6] com.demo.aop.ExecutionTimeAspect         : [AOP] EmployerJobServiceImpl.updateApplicationStatus(..) chạy trong 10 ms
2026-06-12T13:30:07.437+07:00  WARN 26428 --- [Project] [http-nio-8080-exec-6] .m.m.a.ExceptionHandlerExceptionResolver : Resolved [com.demo.exception.NotFoundException: Không tìm thấy hồ sơ ứng tuyển]
2026-06-12T13:30:32.767+07:00  INFO 26428 --- [Project] [http-nio-8080-exec-7] com.demo.aop.ExecutionTimeAspect         : [AOP] AuthServiceImpl.login(..) chạy trong 180 ms
2026-06-12T13:30:46.055+07:00  INFO 26428 --- [Project] [http-nio-8080-exec-8] com.demo.aop.ExecutionTimeAspect         : [AOP] CandidateServiceImpl.applyJob(..) chạy trong 18 ms
2026-06-12T13:30:54.647+07:00  INFO 26428 --- [Project] [http-nio-8080-exec-10] com.demo.aop.ExecutionTimeAspect         : [AOP] EmployerJobServiceImpl.updateApplicationStatus(..) chạy trong 3 ms
2026-06-12T13:30:54.649+07:00  WARN 26428 --- [Project] [http-nio-8080-exec-10] .m.m.a.ExceptionHandlerExceptionResolver : Resolved [com.demo.exception.NotFoundException: Không tìm thấy hồ sơ ứng tuyển]
2026-06-12T13:31:02.649+07:00  INFO 26428 --- [Project] [http-nio-8080-exec-9] com.demo.aop.ExecutionTimeAspect         : [AOP] EmployerJobServiceImpl.updateApplicationStatus(..) chạy trong 6 ms
2026-06-12T13:31:35.346+07:00  INFO 26428 --- [Project] [http-nio-8080-exec-1] com.demo.aop.ExecutionTimeAspect         : [AOP] CandidateServiceImpl.uploadCv(..) chạy trong 6 ms
2026-06-12T13:34:46.045+07:00  INFO 26428 --- [Project] [File Watcher] rtingClassPathChangeChangedEventListener : Restarting due to 1 class path change (0 additions, 1 deletion, 0 modifications)
2026-06-12T13:34:46.046+07:00  INFO 26428 --- [Project] [Thread-5] o.s.boot.tomcat.GracefulShutdown         : Commencing graceful shutdown. Waiting for active requests to complete
2026-06-12T13:34:46.278+07:00  INFO 26428 --- [Project] [tomcat-shutdown] o.s.boot.tomcat.GracefulShutdown         : Graceful shutdown complete
2026-06-12T13:34:46.281+07:00  INFO 26428 --- [Project] [Thread-5] j.LocalContainerEntityManagerFactoryBean : Closing JPA EntityManagerFactory for persistence unit 'default'
2026-06-12T13:34:46.282+07:00  INFO 26428 --- [Project] [Thread-5] com.zaxxer.hikari.HikariDataSource       : HikariPool-3 - Shutdown initiated...
2026-06-12T13:34:46.289+07:00  INFO 26428 --- [Project] [Thread-5] com.zaxxer.hikari.HikariDataSource       : HikariPool-3 - Shutdown completed.
2026-06-12T13:34:46.394+07:00  INFO 26428 --- [Project] [restartedMain] com.demo.ProjectApplication              : Starting ProjectApplication using Java 17.0.12 with PID 26428 (C:\java_service\Project\build\classes\java\main started by Admin in C:\java_service\Project)
2026-06-12T13:34:46.395+07:00  INFO 26428 --- [Project] [restartedMain] com.demo.ProjectApplication              : No active profile set, falling back to 1 default profile: "default"
2026-06-12T13:34:46.784+07:00  INFO 26428 --- [Project] [restartedMain] .s.d.r.c.RepositoryConfigurationDelegate : Bootstrapping Spring Data JPA repositories in DEFAULT mode.
2026-06-12T13:34:46.818+07:00  INFO 26428 --- [Project] [restartedMain] .s.d.r.c.RepositoryConfigurationDelegate : Finished Spring Data repository scanning in 32 ms. Found 5 JPA repository interfaces.
2026-06-12T13:34:47.034+07:00  INFO 26428 --- [Project] [restartedMain] o.s.boot.tomcat.TomcatWebServer          : Tomcat initialized with port 8080 (http)
2026-06-12T13:34:47.035+07:00  INFO 26428 --- [Project] [restartedMain] o.apache.catalina.core.StandardService   : Starting service [Tomcat]
2026-06-12T13:34:47.035+07:00  INFO 26428 --- [Project] [restartedMain] o.apache.catalina.core.StandardEngine    : Starting Servlet engine: [Apache Tomcat/11.0.21]
2026-06-12T13:34:47.073+07:00  INFO 26428 --- [Project] [restartedMain] b.w.c.s.WebApplicationContextInitializer : Root WebApplicationContext: initialization completed in 675 ms
2026-06-12T13:34:47.213+07:00  INFO 26428 --- [Project] [restartedMain] org.hibernate.orm.jpa                    : HHH008540: Processing PersistenceUnitInfo [name: default]
2026-06-12T13:34:47.350+07:00  INFO 26428 --- [Project] [restartedMain] o.s.o.j.p.SpringPersistenceUnitInfo      : No LoadTimeWeaver setup: ignoring JPA class transformer
2026-06-12T13:34:47.352+07:00  INFO 26428 --- [Project] [restartedMain] com.zaxxer.hikari.HikariDataSource       : HikariPool-4 - Starting...
2026-06-12T13:34:47.375+07:00  INFO 26428 --- [Project] [restartedMain] com.zaxxer.hikari.pool.HikariPool        : HikariPool-4 - Added connection com.mysql.cj.jdbc.ConnectionImpl@2580e6e7
2026-06-12T13:34:47.375+07:00  INFO 26428 --- [Project] [restartedMain] com.zaxxer.hikari.HikariDataSource       : HikariPool-4 - Start completed.
2026-06-12T13:34:47.377+07:00  WARN 26428 --- [Project] [restartedMain] org.hibernate.orm.deprecation            : HHH90000025: MySQLDialect does not need to be specified explicitly using 'hibernate.dialect' (remove the property setting and it will be selected by default)
2026-06-12T13:34:47.378+07:00  INFO 26428 --- [Project] [restartedMain] org.hibernate.orm.connections.pooling    : HHH10001005: Database info:
	Database JDBC URL [jdbc:mysql://localhost:3306/project?createDatabaseIfNotExist=true]
	Database driver: MySQL Connector/J
	Database dialect: MySQLDialect
	Database version: 8.0.44
	Default catalog/schema: project/undefined
	Autocommit mode: undefined/unknown
	Isolation level: REPEATABLE_READ [default REPEATABLE_READ]
	JDBC fetch size: none
	Pool: DataSourceConnectionProvider
	Minimum pool size: undefined/unknown
	Maximum pool size: undefined/unknown
2026-06-12T13:34:47.598+07:00  INFO 26428 --- [Project] [restartedMain] org.hibernate.orm.core                   : HHH000489: No JTA platform available (set 'hibernate.transaction.jta.platform' to enable JTA platform integration)
2026-06-12T13:34:47.706+07:00  INFO 26428 --- [Project] [restartedMain] j.LocalContainerEntityManagerFactoryBean : Initialized JPA EntityManagerFactory for persistence unit 'default'
2026-06-12T13:34:48.972+07:00  INFO 26428 --- [Project] [restartedMain] eAuthenticationProviderManagerConfigurer : Global AuthenticationManager configured with AuthenticationProvider bean with name authenticationProvider
2026-06-12T13:34:48.973+07:00  WARN 26428 --- [Project] [restartedMain] r$InitializeUserDetailsManagerConfigurer : Global AuthenticationManager configured with an AuthenticationProvider bean. UserDetailsService beans will not be used by Spring Security for automatically configuring username/password login. Consider removing the AuthenticationProvider bean. Alternatively, consider using the UserDetailsService in a manually instantiated DaoAuthenticationProvider. If the current configuration is intentional, to turn off this warning, increase the logging level of 'org.springframework.security.config.annotation.authentication.configuration.InitializeUserDetailsBeanManagerConfigurer' to ERROR
2026-06-12T13:34:48.998+07:00  WARN 26428 --- [Project] [restartedMain] ConfigServletWebServerApplicationContext : Exception encountered during context initialization - cancelling refresh attempt: org.springframework.beans.factory.UnsatisfiedDependencyException: Error creating bean with name 'candidateController' defined in file [C:\java_service\Project\build\classes\java\main\com\demo\controller\CandidateController.class]: Unsatisfied dependency expressed through constructor parameter 0: No qualifying bean of type 'com.demo.service.CandidateService' available: expected at least 1 bean which qualifies as autowire candidate. Dependency annotations: {}
2026-06-12T13:34:48.999+07:00  INFO 26428 --- [Project] [restartedMain] j.LocalContainerEntityManagerFactoryBean : Closing JPA EntityManagerFactory for persistence unit 'default'
2026-06-12T13:34:49.000+07:00  INFO 26428 --- [Project] [restartedMain] com.zaxxer.hikari.HikariDataSource       : HikariPool-4 - Shutdown initiated...
2026-06-12T13:34:49.026+07:00  INFO 26428 --- [Project] [restartedMain] com.zaxxer.hikari.HikariDataSource       : HikariPool-4 - Shutdown completed.
2026-06-12T13:34:49.027+07:00  INFO 26428 --- [Project] [restartedMain] o.apache.catalina.core.StandardService   : Stopping service [Tomcat]
2026-06-12T13:34:49.031+07:00  INFO 26428 --- [Project] [restartedMain] .s.b.a.l.ConditionEvaluationReportLogger : 

Error starting ApplicationContext. To display the condition evaluation report re-run your application with 'debug' enabled.
2026-06-12T13:34:49.040+07:00 ERROR 26428 --- [Project] [restartedMain] o.s.b.d.LoggingFailureAnalysisReporter   : 

***************************
APPLICATION FAILED TO START
***************************

Description:

Parameter 0 of constructor in com.demo.controller.CandidateController required a bean of type 'com.demo.service.CandidateService' that could not be found.


Action:

Consider defining a bean of type 'com.demo.service.CandidateService' in your configuration.

2026-06-12T13:34:51.607+07:00  INFO 26428 --- [Project] [restartedMain] com.demo.ProjectApplication              : Starting ProjectApplication using Java 17.0.12 with PID 26428 (C:\java_service\Project\build\classes\java\main started by Admin in C:\java_service\Project)
2026-06-12T13:34:51.607+07:00  INFO 26428 --- [Project] [restartedMain] com.demo.ProjectApplication              : No active profile set, falling back to 1 default profile: "default"
2026-06-12T13:34:52.032+07:00  INFO 26428 --- [Project] [restartedMain] .s.d.r.c.RepositoryConfigurationDelegate : Bootstrapping Spring Data JPA repositories in DEFAULT mode.
2026-06-12T13:34:52.088+07:00  INFO 26428 --- [Project] [restartedMain] .s.d.r.c.RepositoryConfigurationDelegate : Finished Spring Data repository scanning in 52 ms. Found 5 JPA repository interfaces.
2026-06-12T13:34:52.376+07:00  INFO 26428 --- [Project] [restartedMain] o.s.boot.tomcat.TomcatWebServer          : Tomcat initialized with port 8080 (http)
2026-06-12T13:34:52.376+07:00  INFO 26428 --- [Project] [restartedMain] o.apache.catalina.core.StandardService   : Starting service [Tomcat]
2026-06-12T13:34:52.377+07:00  INFO 26428 --- [Project] [restartedMain] o.apache.catalina.core.StandardEngine    : Starting Servlet engine: [Apache Tomcat/11.0.21]
2026-06-12T13:34:52.420+07:00  INFO 26428 --- [Project] [restartedMain] b.w.c.s.WebApplicationContextInitializer : Root WebApplicationContext: initialization completed in 810 ms
2026-06-12T13:34:52.521+07:00  INFO 26428 --- [Project] [restartedMain] org.hibernate.orm.jpa                    : HHH008540: Processing PersistenceUnitInfo [name: default]
2026-06-12T13:34:52.597+07:00  INFO 26428 --- [Project] [restartedMain] o.s.o.j.p.SpringPersistenceUnitInfo      : No LoadTimeWeaver setup: ignoring JPA class transformer
2026-06-12T13:34:52.599+07:00  INFO 26428 --- [Project] [restartedMain] com.zaxxer.hikari.HikariDataSource       : HikariPool-5 - Starting...
2026-06-12T13:34:52.617+07:00  INFO 26428 --- [Project] [restartedMain] com.zaxxer.hikari.pool.HikariPool        : HikariPool-5 - Added connection com.mysql.cj.jdbc.ConnectionImpl@71702073
2026-06-12T13:34:52.617+07:00  INFO 26428 --- [Project] [restartedMain] com.zaxxer.hikari.HikariDataSource       : HikariPool-5 - Start completed.
2026-06-12T13:34:52.619+07:00  WARN 26428 --- [Project] [restartedMain] org.hibernate.orm.deprecation            : HHH90000025: MySQLDialect does not need to be specified explicitly using 'hibernate.dialect' (remove the property setting and it will be selected by default)
2026-06-12T13:34:52.620+07:00  INFO 26428 --- [Project] [restartedMain] org.hibernate.orm.connections.pooling    : HHH10001005: Database info:
	Database JDBC URL [jdbc:mysql://localhost:3306/project?createDatabaseIfNotExist=true]
	Database driver: MySQL Connector/J
	Database dialect: MySQLDialect
	Database version: 8.0.44
	Default catalog/schema: project/undefined
	Autocommit mode: undefined/unknown
	Isolation level: REPEATABLE_READ [default REPEATABLE_READ]
	JDBC fetch size: none
	Pool: DataSourceConnectionProvider
	Minimum pool size: undefined/unknown
	Maximum pool size: undefined/unknown
2026-06-12T13:34:52.748+07:00  INFO 26428 --- [Project] [restartedMain] org.hibernate.orm.core                   : HHH000489: No JTA platform available (set 'hibernate.transaction.jta.platform' to enable JTA platform integration)
2026-06-12T13:34:52.833+07:00  INFO 26428 --- [Project] [restartedMain] j.LocalContainerEntityManagerFactoryBean : Initialized JPA EntityManagerFactory for persistence unit 'default'
2026-06-12T13:34:53.304+07:00  INFO 26428 --- [Project] [restartedMain] eAuthenticationProviderManagerConfigurer : Global AuthenticationManager configured with AuthenticationProvider bean with name authenticationProvider
2026-06-12T13:34:53.305+07:00  WARN 26428 --- [Project] [restartedMain] r$InitializeUserDetailsManagerConfigurer : Global AuthenticationManager configured with an AuthenticationProvider bean. UserDetailsService beans will not be used by Spring Security for automatically configuring username/password login. Consider removing the AuthenticationProvider bean. Alternatively, consider using the UserDetailsService in a manually instantiated DaoAuthenticationProvider. If the current configuration is intentional, to turn off this warning, increase the logging level of 'org.springframework.security.config.annotation.authentication.configuration.InitializeUserDetailsBeanManagerConfigurer' to ERROR
2026-06-12T13:34:53.408+07:00  WARN 26428 --- [Project] [restartedMain] JpaBaseConfiguration$JpaWebConfiguration : spring.jpa.open-in-view is enabled by default. Therefore, database queries may be performed during view rendering. Explicitly configure spring.jpa.open-in-view to disable this warning
2026-06-12T13:34:54.057+07:00  INFO 26428 --- [Project] [restartedMain] o.s.boot.tomcat.TomcatWebServer          : Tomcat started on port 8080 (http) with context path '/'
2026-06-12T13:34:54.064+07:00  INFO 26428 --- [Project] [restartedMain] com.demo.ProjectApplication              : Started ProjectApplication in 2.493 seconds (process running for 4125.952)
2026-06-12T13:34:54.129+07:00  INFO 26428 --- [Project] [restartedMain] .ConditionEvaluationDeltaLoggingListener : Condition evaluation unchanged
2026-06-12T13:35:35.088+07:00  INFO 23160 --- [Project] [Test worker] com.demo.ProjectApplicationTests         : Starting ProjectApplicationTests using Java 17.0.12 with PID 23160 (started by Admin in C:\java_service\Project)
2026-06-12T13:35:35.090+07:00  INFO 23160 --- [Project] [Test worker] com.demo.ProjectApplicationTests         : No active profile set, falling back to 1 default profile: "default"
2026-06-12T13:35:36.044+07:00  INFO 23160 --- [Project] [Test worker] .s.d.r.c.RepositoryConfigurationDelegate : Bootstrapping Spring Data JPA repositories in DEFAULT mode.
2026-06-12T13:35:36.190+07:00  INFO 23160 --- [Project] [Test worker] .s.d.r.c.RepositoryConfigurationDelegate : Finished Spring Data repository scanning in 123 ms. Found 5 JPA repository interfaces.
2026-06-12T13:35:37.336+07:00  INFO 23160 --- [Project] [Test worker] org.hibernate.orm.jpa                    : HHH008540: Processing PersistenceUnitInfo [name: default]
2026-06-12T13:35:37.514+07:00  INFO 23160 --- [Project] [Test worker] org.hibernate.orm.core                   : HHH000001: Hibernate ORM core version 7.2.12.Final
2026-06-12T13:35:38.653+07:00  INFO 23160 --- [Project] [Test worker] o.s.o.j.p.SpringPersistenceUnitInfo      : No LoadTimeWeaver setup: ignoring JPA class transformer
2026-06-12T13:35:38.700+07:00  INFO 23160 --- [Project] [Test worker] com.zaxxer.hikari.HikariDataSource       : HikariPool-1 - Starting...
2026-06-12T13:35:39.256+07:00  INFO 23160 --- [Project] [Test worker] com.zaxxer.hikari.pool.HikariPool        : HikariPool-1 - Added connection com.mysql.cj.jdbc.ConnectionImpl@270be080
2026-06-12T13:35:39.260+07:00  INFO 23160 --- [Project] [Test worker] com.zaxxer.hikari.HikariDataSource       : HikariPool-1 - Start completed.
2026-06-12T13:35:39.356+07:00  WARN 23160 --- [Project] [Test worker] org.hibernate.orm.deprecation            : HHH90000025: MySQLDialect does not need to be specified explicitly using 'hibernate.dialect' (remove the property setting and it will be selected by default)
2026-06-12T13:35:39.393+07:00  INFO 23160 --- [Project] [Test worker] org.hibernate.orm.connections.pooling    : HHH10001005: Database info:
	Database JDBC URL [jdbc:mysql://localhost:3306/project?createDatabaseIfNotExist=true]
	Database driver: MySQL Connector/J
	Database dialect: MySQLDialect
	Database version: 8.0.44
	Default catalog/schema: project/undefined
	Autocommit mode: undefined/unknown
	Isolation level: REPEATABLE_READ [default REPEATABLE_READ]
	JDBC fetch size: none
	Pool: DataSourceConnectionProvider
	Minimum pool size: undefined/unknown
	Maximum pool size: undefined/unknown
2026-06-12T13:35:41.422+07:00  INFO 23160 --- [Project] [Test worker] org.hibernate.orm.core                   : HHH000489: No JTA platform available (set 'hibernate.transaction.jta.platform' to enable JTA platform integration)
2026-06-12T13:35:41.624+07:00  INFO 23160 --- [Project] [Test worker] j.LocalContainerEntityManagerFactoryBean : Initialized JPA EntityManagerFactory for persistence unit 'default'
2026-06-12T13:35:41.924+07:00  INFO 23160 --- [Project] [Test worker] o.s.d.j.r.query.QueryEnhancerFactories   : Hibernate is in classpath; If applicable, HQL parser will be used.
2026-06-12T13:35:43.974+07:00  INFO 23160 --- [Project] [Test worker] eAuthenticationProviderManagerConfigurer : Global AuthenticationManager configured with AuthenticationProvider bean with name authenticationProvider
2026-06-12T13:35:43.975+07:00  WARN 23160 --- [Project] [Test worker] r$InitializeUserDetailsManagerConfigurer : Global AuthenticationManager configured with an AuthenticationProvider bean. UserDetailsService beans will not be used by Spring Security for automatically configuring username/password login. Consider removing the AuthenticationProvider bean. Alternatively, consider using the UserDetailsService in a manually instantiated DaoAuthenticationProvider. If the current configuration is intentional, to turn off this warning, increase the logging level of 'org.springframework.security.config.annotation.authentication.configuration.InitializeUserDetailsBeanManagerConfigurer' to ERROR
2026-06-12T13:35:44.151+07:00  WARN 23160 --- [Project] [Test worker] JpaBaseConfiguration$JpaWebConfiguration : spring.jpa.open-in-view is enabled by default. Therefore, database queries may be performed during view rendering. Explicitly configure spring.jpa.open-in-view to disable this warning
2026-06-12T13:35:45.627+07:00  INFO 23160 --- [Project] [Test worker] com.demo.ProjectApplicationTests         : Started ProjectApplicationTests in 10.961 seconds (process running for 12.808)
2026-06-12T13:35:46.486+07:00  INFO 23160 --- [Project] [SpringApplicationShutdownHook] j.LocalContainerEntityManagerFactoryBean : Closing JPA EntityManagerFactory for persistence unit 'default'
2026-06-12T13:35:46.490+07:00  INFO 23160 --- [Project] [SpringApplicationShutdownHook] com.zaxxer.hikari.HikariDataSource       : HikariPool-1 - Shutdown initiated...
2026-06-12T13:35:46.502+07:00  INFO 23160 --- [Project] [SpringApplicationShutdownHook] com.zaxxer.hikari.HikariDataSource       : HikariPool-1 - Shutdown completed.
2026-06-12T13:36:28.087+07:00  INFO 26428 --- [Project] [http-nio-8080-exec-4] o.a.c.c.C.[Tomcat-2].[localhost].[/]     : Initializing Spring DispatcherServlet 'dispatcherServlet'
2026-06-12T13:36:28.087+07:00  INFO 26428 --- [Project] [http-nio-8080-exec-4] o.s.web.servlet.DispatcherServlet        : Initializing Servlet 'dispatcherServlet'
2026-06-12T13:36:28.096+07:00  INFO 26428 --- [Project] [http-nio-8080-exec-4] o.s.web.servlet.DispatcherServlet        : Completed initialization in 8 ms
2026-06-12T13:36:28.475+07:00  INFO 26428 --- [Project] [http-nio-8080-exec-4] com.demo.aop.ExecutionTimeAspect         : [AOP] AuthServiceImpl.login(..) chạy trong 360 ms
2026-06-12T13:36:31.759+07:00  INFO 26428 --- [Project] [http-nio-8080-exec-2] com.demo.aop.ExecutionTimeAspect         : [AOP] AuthServiceImpl.login(..) chạy trong 155 ms
2026-06-12T13:39:04.060+07:00  INFO 26428 --- [Project] [http-nio-8080-exec-6] com.demo.aop.ExecutionTimeAspect         : [AOP] CandidateServiceImpl.applyJob(..) chạy trong 10 ms
2026-06-12T13:39:04.064+07:00  WARN 26428 --- [Project] [http-nio-8080-exec-6] .m.m.a.ExceptionHandlerExceptionResolver : Resolved [com.demo.exception.ConflictException: Tin tuyển dụng chưa được duyệt hoặc đã bị ẩn]
2026-06-12T13:39:12.500+07:00  INFO 26428 --- [Project] [http-nio-8080-exec-7] com.demo.aop.ExecutionTimeAspect         : [AOP] CandidateServiceImpl.applyJob(..) chạy trong 13 ms
2026-06-12T13:39:12.503+07:00  WARN 26428 --- [Project] [http-nio-8080-exec-7] .m.m.a.ExceptionHandlerExceptionResolver : Resolved [com.demo.exception.ConflictException: Bạn đã nộp hồ sơ vào tin tuyển dụng này]
2026-06-12T13:39:57.358+07:00  INFO 26428 --- [Project] [http-nio-8080-exec-8] com.demo.aop.ExecutionTimeAspect         : [AOP] CandidateServiceImpl.applyJob(..) chạy trong 22 ms
2026-06-12T13:42:21.187+07:00  INFO 30920 --- [Project] [Test worker] com.demo.ProjectApplicationTests         : Starting ProjectApplicationTests using Java 17.0.12 with PID 30920 (started by Admin in C:\java_service\Project)
2026-06-12T13:42:21.190+07:00  INFO 30920 --- [Project] [Test worker] com.demo.ProjectApplicationTests         : No active profile set, falling back to 1 default profile: "default"
2026-06-12T13:42:22.325+07:00  INFO 30920 --- [Project] [Test worker] .s.d.r.c.RepositoryConfigurationDelegate : Bootstrapping Spring Data JPA repositories in DEFAULT mode.
2026-06-12T13:42:22.438+07:00  INFO 30920 --- [Project] [Test worker] .s.d.r.c.RepositoryConfigurationDelegate : Finished Spring Data repository scanning in 94 ms. Found 5 JPA repository interfaces.
2026-06-12T13:42:23.336+07:00  INFO 30920 --- [Project] [Test worker] org.hibernate.orm.jpa                    : HHH008540: Processing PersistenceUnitInfo [name: default]
2026-06-12T13:42:23.401+07:00  INFO 30920 --- [Project] [Test worker] org.hibernate.orm.core                   : HHH000001: Hibernate ORM core version 7.2.12.Final
2026-06-12T13:42:24.155+07:00  INFO 30920 --- [Project] [Test worker] o.s.o.j.p.SpringPersistenceUnitInfo      : No LoadTimeWeaver setup: ignoring JPA class transformer
2026-06-12T13:42:24.192+07:00  INFO 30920 --- [Project] [Test worker] com.zaxxer.hikari.HikariDataSource       : HikariPool-1 - Starting...
2026-06-12T13:42:24.518+07:00  INFO 30920 --- [Project] [Test worker] com.zaxxer.hikari.pool.HikariPool        : HikariPool-1 - Added connection com.mysql.cj.jdbc.ConnectionImpl@69fe8c75
2026-06-12T13:42:24.521+07:00  INFO 30920 --- [Project] [Test worker] com.zaxxer.hikari.HikariDataSource       : HikariPool-1 - Start completed.
2026-06-12T13:42:24.580+07:00  WARN 30920 --- [Project] [Test worker] org.hibernate.orm.deprecation            : HHH90000025: MySQLDialect does not need to be specified explicitly using 'hibernate.dialect' (remove the property setting and it will be selected by default)
2026-06-12T13:42:24.601+07:00  INFO 30920 --- [Project] [Test worker] org.hibernate.orm.connections.pooling    : HHH10001005: Database info:
	Database JDBC URL [jdbc:mysql://localhost:3306/project?createDatabaseIfNotExist=true]
	Database driver: MySQL Connector/J
	Database dialect: MySQLDialect
	Database version: 8.0.44
	Default catalog/schema: project/undefined
	Autocommit mode: undefined/unknown
	Isolation level: REPEATABLE_READ [default REPEATABLE_READ]
	JDBC fetch size: none
	Pool: DataSourceConnectionProvider
	Minimum pool size: undefined/unknown
	Maximum pool size: undefined/unknown
2026-06-12T13:42:25.991+07:00  INFO 30920 --- [Project] [Test worker] org.hibernate.orm.core                   : HHH000489: No JTA platform available (set 'hibernate.transaction.jta.platform' to enable JTA platform integration)
2026-06-12T13:42:26.168+07:00  INFO 30920 --- [Project] [Test worker] j.LocalContainerEntityManagerFactoryBean : Initialized JPA EntityManagerFactory for persistence unit 'default'
2026-06-12T13:42:26.421+07:00  INFO 30920 --- [Project] [Test worker] o.s.d.j.r.query.QueryEnhancerFactories   : Hibernate is in classpath; If applicable, HQL parser will be used.
2026-06-12T13:42:27.904+07:00  INFO 30920 --- [Project] [Test worker] eAuthenticationProviderManagerConfigurer : Global AuthenticationManager configured with AuthenticationProvider bean with name authenticationProvider
2026-06-12T13:42:27.905+07:00  WARN 30920 --- [Project] [Test worker] r$InitializeUserDetailsManagerConfigurer : Global AuthenticationManager configured with an AuthenticationProvider bean. UserDetailsService beans will not be used by Spring Security for automatically configuring username/password login. Consider removing the AuthenticationProvider bean. Alternatively, consider using the UserDetailsService in a manually instantiated DaoAuthenticationProvider. If the current configuration is intentional, to turn off this warning, increase the logging level of 'org.springframework.security.config.annotation.authentication.configuration.InitializeUserDetailsBeanManagerConfigurer' to ERROR
2026-06-12T13:42:28.096+07:00  WARN 30920 --- [Project] [Test worker] JpaBaseConfiguration$JpaWebConfiguration : spring.jpa.open-in-view is enabled by default. Therefore, database queries may be performed during view rendering. Explicitly configure spring.jpa.open-in-view to disable this warning
2026-06-12T13:42:29.359+07:00  INFO 30920 --- [Project] [Test worker] com.demo.ProjectApplicationTests         : Started ProjectApplicationTests in 8.611 seconds (process running for 10.838)
2026-06-12T13:42:31.025+07:00  INFO 30920 --- [Project] [SpringApplicationShutdownHook] j.LocalContainerEntityManagerFactoryBean : Closing JPA EntityManagerFactory for persistence unit 'default'
2026-06-12T13:42:31.031+07:00  INFO 30920 --- [Project] [SpringApplicationShutdownHook] com.zaxxer.hikari.HikariDataSource       : HikariPool-1 - Shutdown initiated...
2026-06-12T13:42:31.051+07:00  INFO 30920 --- [Project] [SpringApplicationShutdownHook] com.zaxxer.hikari.HikariDataSource       : HikariPool-1 - Shutdown completed.
